[dhdDelta():15.14.07.0002] - Did not find FalconCommon.txt
[dhdComUSB::dhdComUSB():15.14.07.0003] - Constructor
[dhdDelta():15.14.07.0003] - Did not find FalconCommon.txt
[dhdComUSB::dhdComUSB():15.14.07.0004] - Constructor
[dhdDelta():15.14.07.0004] - Did not find FalconCommon.txt
[dhdComUSB::dhdComUSB():15.14.07.0005] - Constructor
[dhdDelta():15.14.07.0005] - Did not find FalconCommon.txt
[dhdComUSB::dhdComUSB():15.14.07.0005] - Constructor
[dhdDelta():15.14.07.0006] - Did not find FalconCommon.txt
[dhdComUSB::dhdComUSB():15.14.07.0006] - Constructor
[dhdDelta():15.14.07.0007] - Did not find FalconCommon.txt
[dhdComUSB::dhdComUSB():15.14.07.0007] - Constructor
[dhdDelta():15.14.07.0008] - Did not find FalconCommon.txt
[dhdComUSB::dhdComUSB():15.14.07.0008] - Constructor
[dhdDelta():15.14.07.0008] - Did not find FalconCommon.txt
[dhdComUSB::dhdComUSB():15.14.07.0009] - Constructor
[dhdDelta():15.14.07.0010] - Did not find FalconCommon.txt
[dhdComUSB::dhdComUSB():15.14.07.0010] - Constructor
[dhdDelta():15.14.07.0011] - Did not find FalconCommon.txt
[dhdComUSB::dhdComUSB():15.14.07.0011] - Constructor
[dhdOpenWithReset():15.14.07.0013] - currentDevice = 0, l_serNum = , is NOT smart
[dhdOpenWithReset():15.14.07.0175] - l_serNum after getFileName = 16000F85
[dhdOpenWithReset():15.14.07.0177] - Found falcon_12_0101.bin at C:\Program Files (x86)\Novint\HDAL\bin\falcon_12_0101.bin
[dhdOpenWithReset():15.14.07.0177] - comUSB[0]open(16000F85, C:\Program Files (x86)\Novint\HDAL\bin\falcon_12_0101.bin, False)
[dhdComUSB::open():15.14.07.0177] - Open(C:\Program Files (x86)\Novint\HDAL\bin\falcon_12_0101.bin, false)
[dhdComUSB::open():15.14.07.0184] - OpenUSBPort succeeded after 1 tries
[dhdComUSB::open():15.14.07.0184] - deviceType = 0
[dhdComUSB::open():15.14.07.0184] - deviceID   = 67357512d
[dhdComUSB::open():15.14.07.0184] - deviceSN   = 16000F85
[dhdComUSB::open():15.14.07.0184] - deviceDesc = FALCON HAPTIC
[dhdComUSB::OpenDeviceCommunications():15.14.07.0185] - Set Baud Rate Status: 0
[dhdComUSB::OpenDeviceCommunications():15.14.07.0489] - update() okay after 1 updates
[dhdComUSB::OpenDeviceCommunications():15.14.07.0490] - Returning 0
[dhdComUSB::changeGrip():15.14.07.2490] - New Grip: G_A
[dhdComUSB::changeGrip():15.14.07.2490] - Started grip change
[changeGripThreadFunc::15.14.07.2492] - deleting old grip object
[changeGripThreadFunc::15.14.07.2492] - Loading grip type G_A
[changeGripThreadFunc::15.14.07.2499] - Loading delta
[dhdDelta():15.14.07.2500] - Did not find FalconCommon.txt
[changeGripThreadFunc::15.14.07.2500] - Done loading new grip
[dhdComUSB::processData():15.14.07.2870] - G_A
[dhdComUSB::tryCalibration():15.14.07.4081] - HomeDisabled, LED Blue
[dhdComUSB::processData():15.14.07.6516] - G_A
[dhdComUSB::dhdComUSB():15.14.17.4221] - Constructor
[dhdComUSB::close():15.14.17.4222] - Closed
